var -> (-1, -1)
id -> (3, 0)
, -> (-1, -1)
  -> (-1, -1)
id -> (1, 0)
, -> (-1, -1)
  -> (-1, -1)
id -> (6, 0)
, -> (-1, -1)
  -> (-1, -1)
id -> (12, 0)
: -> (-1, -1)
  -> (-1, -1)
integer -> (-1, -1)
; -> (-1, -1)
begin -> (-1, -1)
read -> (-1, -1)
  -> (-1, -1)
id -> (6, 0)
; -> (-1, -1)
id -> (1, 0)
:= -> (-1, -1)
const -> (9, 0)
; -> (-1, -1)
id -> (3, 0)
:= -> (-1, -1)
const -> (9, 0)
; -> (-1, -1)
while -> (-1, -1)
  -> (-1, -1)
( -> (-1, -1)
id -> (1, 0)
< -> (-1, -1)
id -> (6, 0)
) -> (-1, -1)
  -> (-1, -1)
do -> (-1, -1)
begin -> (-1, -1)
read -> (-1, -1)
  -> (-1, -1)
id -> (12, 0)
; -> (-1, -1)
id -> (3, 0)
:= -> (-1, -1)
id -> (3, 0)
+ -> (-1, -1)
id -> (12, 0)
; -> (-1, -1)
id -> (1, 0)
:= -> (-1, -1)
id -> (1, 0)
+ -> (-1, -1)
const -> (10, 0)
; -> (-1, -1)
end -> (-1, -1)
; -> (-1, -1)
write -> (-1, -1)
( -> (-1, -1)
id -> (3, 0)
) -> (-1, -1)
; -> (-1, -1)
end -> (-1, -1)
